[2026-03-24T15:11:31.468+0000] {local_task_job_runner.py:120} INFO - ::group::Pre task execution logs
[2026-03-24T15:11:31.506+0000] {taskinstance.py:2076} INFO - Dependencies all met for dep_context=non-requeueable deps ti=<TaskInstance: travel_etl_pipeline.run_etl_script manual__2026-03-24T15:11:25.755274+00:00 [queued]>
[2026-03-24T15:11:31.525+0000] {taskinstance.py:2076} INFO - Dependencies all met for dep_context=requeueable deps ti=<TaskInstance: travel_etl_pipeline.run_etl_script manual__2026-03-24T15:11:25.755274+00:00 [queued]>
[2026-03-24T15:11:31.526+0000] {taskinstance.py:2306} INFO - Starting attempt 1 of 1
[2026-03-24T15:11:31.569+0000] {taskinstance.py:2330} INFO - Executing <Task(BashOperator): run_etl_script> on 2026-03-24 15:11:25.755274+00:00
[2026-03-24T15:11:31.575+0000] {standard_task_runner.py:63} INFO - Started process 63 to run task
[2026-03-24T15:11:31.579+0000] {standard_task_runner.py:90} INFO - Running: ['airflow', 'tasks', 'run', 'travel_etl_pipeline', 'run_etl_script', 'manual__2026-03-24T15:11:25.755274+00:00', '--job-id', '8', '--raw', '--subdir', 'DAGS_FOLDER/etl_travel_dag.py', '--cfg-path', '/tmp/tmp3tsptwk5']
[2026-03-24T15:11:31.581+0000] {standard_task_runner.py:91} INFO - Job 8: Subtask run_etl_script
[2026-03-24T15:11:31.726+0000] {task_command.py:426} INFO - Running <TaskInstance: travel_etl_pipeline.run_etl_script manual__2026-03-24T15:11:25.755274+00:00 [running]> on host 34b77cf74f95
[2026-03-24T15:11:31.892+0000] {taskinstance.py:2648} INFO - Exporting env vars: AIRFLOW_CTX_DAG_OWNER='airflow' AIRFLOW_CTX_DAG_ID='travel_etl_pipeline' AIRFLOW_CTX_TASK_ID='run_etl_script' AIRFLOW_CTX_EXECUTION_DATE='2026-03-24T15:11:25.755274+00:00' AIRFLOW_CTX_TRY_NUMBER='1' AIRFLOW_CTX_DAG_RUN_ID='manual__2026-03-24T15:11:25.755274+00:00'
[2026-03-24T15:11:31.893+0000] {taskinstance.py:430} INFO - ::endgroup::
[2026-03-24T15:11:31.936+0000] {subprocess.py:63} INFO - Tmp dir root location: /tmp
[2026-03-24T15:11:31.937+0000] {subprocess.py:75} INFO - Running command: ['/usr/bin/bash', '-c', 'python /opt/airflow/scripts/etl_travel.py']
[2026-03-24T15:11:31.969+0000] {subprocess.py:86} INFO - Output:
[2026-03-24T15:11:34.352+0000] {subprocess.py:93} INFO - [INFO] Début du pipeline ETL Travel
[2026-03-24T15:11:34.353+0000] {subprocess.py:93} INFO - [INFO] Chargement des fichiers CSV...
[2026-03-24T15:11:34.354+0000] {subprocess.py:93} INFO - [INFO] Nettoyage des données...
[2026-03-24T15:11:34.354+0000] {subprocess.py:93} INFO - [INFO] Transformation et enrichissement des données...
[2026-03-24T15:11:34.355+0000] {subprocess.py:93} INFO - [INFO] Export des fichiers transformés...
[2026-03-24T15:11:34.356+0000] {subprocess.py:93} INFO - [INFO] Fichiers exportés avec succès.
[2026-03-24T15:11:34.356+0000] {subprocess.py:93} INFO - [INFO] Chargement dans PostgreSQL...
[2026-03-24T15:11:34.357+0000] {subprocess.py:93} INFO - [INFO] Données chargées dans PostgreSQL.
[2026-03-24T15:11:34.357+0000] {subprocess.py:93} INFO - [INFO] Pipeline terminé avec succès.
[2026-03-24T15:11:34.451+0000] {subprocess.py:97} INFO - Command exited with return code 0
[2026-03-24T15:11:34.454+0000] {taskinstance.py:441} INFO - ::group::Post task execution logs
[2026-03-24T15:11:34.538+0000] {taskinstance.py:1206} INFO - Marking task as SUCCESS. dag_id=travel_etl_pipeline, task_id=run_etl_script, run_id=manual__2026-03-24T15:11:25.755274+00:00, execution_date=20260324T151125, start_date=20260324T151131, end_date=20260324T151134
[2026-03-24T15:11:34.606+0000] {local_task_job_runner.py:240} INFO - Task exited with return code 0
[2026-03-24T15:11:34.642+0000] {taskinstance.py:3498} INFO - 0 downstream tasks scheduled from follow-on schedule check
[2026-03-24T15:11:34.645+0000] {local_task_job_runner.py:222} INFO - ::endgroup::
