[2026-03-24T14:48:17.557+0000] {local_task_job_runner.py:120} INFO - ::group::Pre task execution logs
[2026-03-24T14:48:17.594+0000] {taskinstance.py:2076} INFO - Dependencies all met for dep_context=non-requeueable deps ti=<TaskInstance: travel_etl_pipeline.run_etl_script manual__2026-03-24T14:48:03.456636+00:00 [queued]>
[2026-03-24T14:48:17.613+0000] {taskinstance.py:2076} INFO - Dependencies all met for dep_context=requeueable deps ti=<TaskInstance: travel_etl_pipeline.run_etl_script manual__2026-03-24T14:48:03.456636+00:00 [queued]>
[2026-03-24T14:48:17.614+0000] {taskinstance.py:2306} INFO - Starting attempt 1 of 1
[2026-03-24T14:48:17.653+0000] {taskinstance.py:2330} INFO - Executing <Task(BashOperator): run_etl_script> on 2026-03-24 14:48:03.456636+00:00
[2026-03-24T14:48:17.658+0000] {standard_task_runner.py:63} INFO - Started process 69 to run task
[2026-03-24T14:48:17.664+0000] {standard_task_runner.py:90} INFO - Running: ['airflow', 'tasks', 'run', 'travel_etl_pipeline', 'run_etl_script', 'manual__2026-03-24T14:48:03.456636+00:00', '--job-id', '4', '--raw', '--subdir', 'DAGS_FOLDER/etl_travel_dag.py', '--cfg-path', '/tmp/tmpewd70s34']
[2026-03-24T14:48:17.668+0000] {standard_task_runner.py:91} INFO - Job 4: Subtask run_etl_script
[2026-03-24T14:48:17.796+0000] {task_command.py:426} INFO - Running <TaskInstance: travel_etl_pipeline.run_etl_script manual__2026-03-24T14:48:03.456636+00:00 [running]> on host 14bc0c4c4864
[2026-03-24T14:48:17.947+0000] {taskinstance.py:2648} INFO - Exporting env vars: AIRFLOW_CTX_DAG_OWNER='airflow' AIRFLOW_CTX_DAG_ID='travel_etl_pipeline' AIRFLOW_CTX_TASK_ID='run_etl_script' AIRFLOW_CTX_EXECUTION_DATE='2026-03-24T14:48:03.456636+00:00' AIRFLOW_CTX_TRY_NUMBER='1' AIRFLOW_CTX_DAG_RUN_ID='manual__2026-03-24T14:48:03.456636+00:00'
[2026-03-24T14:48:17.948+0000] {taskinstance.py:430} INFO - ::endgroup::
[2026-03-24T14:48:17.969+0000] {subprocess.py:63} INFO - Tmp dir root location: /tmp
[2026-03-24T14:48:17.971+0000] {subprocess.py:75} INFO - Running command: ['/usr/bin/bash', '-c', 'python /opt/airflow/scripts/etl_travel.py']
[2026-03-24T14:48:17.980+0000] {subprocess.py:86} INFO - Output:
[2026-03-24T14:48:19.147+0000] {subprocess.py:93} INFO - [INFO] Début du pipeline ETL Travel
[2026-03-24T14:48:19.147+0000] {subprocess.py:93} INFO - [INFO] Chargement des fichiers CSV...
[2026-03-24T14:48:19.148+0000] {subprocess.py:93} INFO - Traceback (most recent call last):
[2026-03-24T14:48:19.149+0000] {subprocess.py:93} INFO -   File "/opt/airflow/scripts/etl_travel.py", line 231, in <module>
[2026-03-24T14:48:19.150+0000] {subprocess.py:93} INFO -     main()
[2026-03-24T14:48:19.150+0000] {subprocess.py:93} INFO -   File "/opt/airflow/scripts/etl_travel.py", line 216, in main
[2026-03-24T14:48:19.153+0000] {subprocess.py:93} INFO -     trips, bookings, suppliers, employees, budgets = load_data()
[2026-03-24T14:48:19.153+0000] {subprocess.py:93} INFO -                                                      ^^^^^^^^^^^
[2026-03-24T14:48:19.154+0000] {subprocess.py:93} INFO -   File "/opt/airflow/scripts/etl_travel.py", line 19, in load_data
[2026-03-24T14:48:19.156+0000] {subprocess.py:93} INFO -     trips = pd.read_csv(RAW_DIR / "trips.csv")
[2026-03-24T14:48:19.156+0000] {subprocess.py:93} INFO -             ^^^^^^^^^^^^^^^^^^^^^^^^^^^^^^^^^^
[2026-03-24T14:48:19.157+0000] {subprocess.py:93} INFO -   File "/home/airflow/.local/lib/python3.12/site-packages/pandas/io/parsers/readers.py", line 948, in read_csv
[2026-03-24T14:48:19.157+0000] {subprocess.py:93} INFO -     return _read(filepath_or_buffer, kwds)
[2026-03-24T14:48:19.158+0000] {subprocess.py:93} INFO -            ^^^^^^^^^^^^^^^^^^^^^^^^^^^^^^^
[2026-03-24T14:48:19.158+0000] {subprocess.py:93} INFO -   File "/home/airflow/.local/lib/python3.12/site-packages/pandas/io/parsers/readers.py", line 611, in _read
[2026-03-24T14:48:19.159+0000] {subprocess.py:93} INFO -     parser = TextFileReader(filepath_or_buffer, **kwds)
[2026-03-24T14:48:19.159+0000] {subprocess.py:93} INFO -              ^^^^^^^^^^^^^^^^^^^^^^^^^^^^^^^^^^^^^^^^^^
[2026-03-24T14:48:19.160+0000] {subprocess.py:93} INFO -   File "/home/airflow/.local/lib/python3.12/site-packages/pandas/io/parsers/readers.py", line 1448, in __init__
[2026-03-24T14:48:19.161+0000] {subprocess.py:93} INFO -     self._engine = self._make_engine(f, self.engine)
[2026-03-24T14:48:19.162+0000] {subprocess.py:93} INFO -                    ^^^^^^^^^^^^^^^^^^^^^^^^^^^^^^^^^
[2026-03-24T14:48:19.162+0000] {subprocess.py:93} INFO -   File "/home/airflow/.local/lib/python3.12/site-packages/pandas/io/parsers/readers.py", line 1705, in _make_engine
[2026-03-24T14:48:19.163+0000] {subprocess.py:93} INFO -     self.handles = get_handle(
[2026-03-24T14:48:19.163+0000] {subprocess.py:93} INFO -                    ^^^^^^^^^^^
[2026-03-24T14:48:19.164+0000] {subprocess.py:93} INFO -   File "/home/airflow/.local/lib/python3.12/site-packages/pandas/io/common.py", line 863, in get_handle
[2026-03-24T14:48:19.165+0000] {subprocess.py:93} INFO -     handle = open(
[2026-03-24T14:48:19.165+0000] {subprocess.py:93} INFO -              ^^^^^
[2026-03-24T14:48:19.166+0000] {subprocess.py:93} INFO - FileNotFoundError: [Errno 2] No such file or directory: '/opt/airflow/data/raw/trips.csv'
[2026-03-24T14:48:19.236+0000] {subprocess.py:97} INFO - Command exited with return code 1
[2026-03-24T14:48:19.237+0000] {taskinstance.py:441} INFO - ::group::Post task execution logs
[2026-03-24T14:48:19.254+0000] {taskinstance.py:2905} ERROR - Task failed with exception
Traceback (most recent call last):
  File "/home/airflow/.local/lib/python3.12/site-packages/airflow/models/taskinstance.py", line 465, in _execute_task
    result = _execute_callable(context=context, **execute_callable_kwargs)
             ^^^^^^^^^^^^^^^^^^^^^^^^^^^^^^^^^^^^^^^^^^^^^^^^^^^^^^^^^^^^^
  File "/home/airflow/.local/lib/python3.12/site-packages/airflow/models/taskinstance.py", line 432, in _execute_callable
    return execute_callable(context=context, **execute_callable_kwargs)
           ^^^^^^^^^^^^^^^^^^^^^^^^^^^^^^^^^^^^^^^^^^^^^^^^^^^^^^^^^^^^
  File "/home/airflow/.local/lib/python3.12/site-packages/airflow/models/baseoperator.py", line 400, in wrapper
    return func(self, *args, **kwargs)
           ^^^^^^^^^^^^^^^^^^^^^^^^^^^
  File "/home/airflow/.local/lib/python3.12/site-packages/airflow/operators/bash.py", line 243, in execute
    raise AirflowException(
airflow.exceptions.AirflowException: Bash command failed. The command returned a non-zero exit code 1.
[2026-03-24T14:48:19.260+0000] {taskinstance.py:1206} INFO - Marking task as FAILED. dag_id=travel_etl_pipeline, task_id=run_etl_script, run_id=manual__2026-03-24T14:48:03.456636+00:00, execution_date=20260324T144803, start_date=20260324T144817, end_date=20260324T144819
[2026-03-24T14:48:19.301+0000] {standard_task_runner.py:110} ERROR - Failed to execute job 4 for task run_etl_script (Bash command failed. The command returned a non-zero exit code 1.; 69)
[2026-03-24T14:48:19.324+0000] {local_task_job_runner.py:240} INFO - Task exited with return code 1
[2026-03-24T14:48:19.347+0000] {taskinstance.py:3498} INFO - 0 downstream tasks scheduled from follow-on schedule check
[2026-03-24T14:48:19.349+0000] {local_task_job_runner.py:222} INFO - ::endgroup::
