[2026-03-24T14:48:09.931+0000] {local_task_job_runner.py:120} INFO - ::group::Pre task execution logs
[2026-03-24T14:48:09.972+0000] {taskinstance.py:2076} INFO - Dependencies all met for dep_context=non-requeueable deps ti=<TaskInstance: travel_etl_pipeline.run_etl_script scheduled__2026-03-23T00:00:00+00:00 [queued]>
[2026-03-24T14:48:09.991+0000] {taskinstance.py:2076} INFO - Dependencies all met for dep_context=requeueable deps ti=<TaskInstance: travel_etl_pipeline.run_etl_script scheduled__2026-03-23T00:00:00+00:00 [queued]>
[2026-03-24T14:48:09.992+0000] {taskinstance.py:2306} INFO - Starting attempt 1 of 1
[2026-03-24T14:48:10.047+0000] {taskinstance.py:2330} INFO - Executing <Task(BashOperator): run_etl_script> on 2026-03-23 00:00:00+00:00
[2026-03-24T14:48:10.054+0000] {standard_task_runner.py:63} INFO - Started process 43 to run task
[2026-03-24T14:48:10.060+0000] {standard_task_runner.py:90} INFO - Running: ['airflow', 'tasks', 'run', 'travel_etl_pipeline', 'run_etl_script', 'scheduled__2026-03-23T00:00:00+00:00', '--job-id', '3', '--raw', '--subdir', 'DAGS_FOLDER/etl_travel_dag.py', '--cfg-path', '/tmp/tmpfa7438hs']
[2026-03-24T14:48:10.063+0000] {standard_task_runner.py:91} INFO - Job 3: Subtask run_etl_script
[2026-03-24T14:48:10.313+0000] {task_command.py:426} INFO - Running <TaskInstance: travel_etl_pipeline.run_etl_script scheduled__2026-03-23T00:00:00+00:00 [running]> on host 14bc0c4c4864
[2026-03-24T14:48:10.521+0000] {taskinstance.py:2648} INFO - Exporting env vars: AIRFLOW_CTX_DAG_OWNER='airflow' AIRFLOW_CTX_DAG_ID='travel_etl_pipeline' AIRFLOW_CTX_TASK_ID='run_etl_script' AIRFLOW_CTX_EXECUTION_DATE='2026-03-23T00:00:00+00:00' AIRFLOW_CTX_TRY_NUMBER='1' AIRFLOW_CTX_DAG_RUN_ID='scheduled__2026-03-23T00:00:00+00:00'
[2026-03-24T14:48:10.524+0000] {taskinstance.py:430} INFO - ::endgroup::
[2026-03-24T14:48:10.640+0000] {subprocess.py:63} INFO - Tmp dir root location: /tmp
[2026-03-24T14:48:10.642+0000] {subprocess.py:75} INFO - Running command: ['/usr/bin/bash', '-c', 'python /opt/airflow/scripts/etl_travel.py']
[2026-03-24T14:48:10.654+0000] {subprocess.py:86} INFO - Output:
[2026-03-24T14:48:13.292+0000] {subprocess.py:93} INFO - [INFO] Début du pipeline ETL Travel
[2026-03-24T14:48:13.293+0000] {subprocess.py:93} INFO - [INFO] Chargement des fichiers CSV...
[2026-03-24T14:48:13.293+0000] {subprocess.py:93} INFO - Traceback (most recent call last):
[2026-03-24T14:48:13.294+0000] {subprocess.py:93} INFO -   File "/opt/airflow/scripts/etl_travel.py", line 231, in <module>
[2026-03-24T14:48:13.296+0000] {subprocess.py:93} INFO -     main()
[2026-03-24T14:48:13.298+0000] {subprocess.py:93} INFO -   File "/opt/airflow/scripts/etl_travel.py", line 216, in main
[2026-03-24T14:48:13.302+0000] {subprocess.py:93} INFO -     trips, bookings, suppliers, employees, budgets = load_data()
[2026-03-24T14:48:13.303+0000] {subprocess.py:93} INFO -                                                      ^^^^^^^^^^^
[2026-03-24T14:48:13.303+0000] {subprocess.py:93} INFO -   File "/opt/airflow/scripts/etl_travel.py", line 19, in load_data
[2026-03-24T14:48:13.306+0000] {subprocess.py:93} INFO -     trips = pd.read_csv(RAW_DIR / "trips.csv")
[2026-03-24T14:48:13.307+0000] {subprocess.py:93} INFO -             ^^^^^^^^^^^^^^^^^^^^^^^^^^^^^^^^^^
[2026-03-24T14:48:13.308+0000] {subprocess.py:93} INFO -   File "/home/airflow/.local/lib/python3.12/site-packages/pandas/io/parsers/readers.py", line 948, in read_csv
[2026-03-24T14:48:13.309+0000] {subprocess.py:93} INFO -     return _read(filepath_or_buffer, kwds)
[2026-03-24T14:48:13.310+0000] {subprocess.py:93} INFO -            ^^^^^^^^^^^^^^^^^^^^^^^^^^^^^^^
[2026-03-24T14:48:13.310+0000] {subprocess.py:93} INFO -   File "/home/airflow/.local/lib/python3.12/site-packages/pandas/io/parsers/readers.py", line 611, in _read
[2026-03-24T14:48:13.311+0000] {subprocess.py:93} INFO -     parser = TextFileReader(filepath_or_buffer, **kwds)
[2026-03-24T14:48:13.312+0000] {subprocess.py:93} INFO -              ^^^^^^^^^^^^^^^^^^^^^^^^^^^^^^^^^^^^^^^^^^
[2026-03-24T14:48:13.313+0000] {subprocess.py:93} INFO -   File "/home/airflow/.local/lib/python3.12/site-packages/pandas/io/parsers/readers.py", line 1448, in __init__
[2026-03-24T14:48:13.314+0000] {subprocess.py:93} INFO -     self._engine = self._make_engine(f, self.engine)
[2026-03-24T14:48:13.315+0000] {subprocess.py:93} INFO -                    ^^^^^^^^^^^^^^^^^^^^^^^^^^^^^^^^^
[2026-03-24T14:48:13.316+0000] {subprocess.py:93} INFO -   File "/home/airflow/.local/lib/python3.12/site-packages/pandas/io/parsers/readers.py", line 1705, in _make_engine
[2026-03-24T14:48:13.318+0000] {subprocess.py:93} INFO -     self.handles = get_handle(
[2026-03-24T14:48:13.319+0000] {subprocess.py:93} INFO -                    ^^^^^^^^^^^
[2026-03-24T14:48:13.320+0000] {subprocess.py:93} INFO -   File "/home/airflow/.local/lib/python3.12/site-packages/pandas/io/common.py", line 863, in get_handle
[2026-03-24T14:48:13.321+0000] {subprocess.py:93} INFO -     handle = open(
[2026-03-24T14:48:13.322+0000] {subprocess.py:93} INFO -              ^^^^^
[2026-03-24T14:48:13.323+0000] {subprocess.py:93} INFO - FileNotFoundError: [Errno 2] No such file or directory: '/opt/airflow/data/raw/trips.csv'
[2026-03-24T14:48:13.442+0000] {subprocess.py:97} INFO - Command exited with return code 1
[2026-03-24T14:48:13.443+0000] {taskinstance.py:441} INFO - ::group::Post task execution logs
[2026-03-24T14:48:13.464+0000] {taskinstance.py:2905} ERROR - Task failed with exception
Traceback (most recent call last):
  File "/home/airflow/.local/lib/python3.12/site-packages/airflow/models/taskinstance.py", line 465, in _execute_task
    result = _execute_callable(context=context, **execute_callable_kwargs)
             ^^^^^^^^^^^^^^^^^^^^^^^^^^^^^^^^^^^^^^^^^^^^^^^^^^^^^^^^^^^^^
  File "/home/airflow/.local/lib/python3.12/site-packages/airflow/models/taskinstance.py", line 432, in _execute_callable
    return execute_callable(context=context, **execute_callable_kwargs)
           ^^^^^^^^^^^^^^^^^^^^^^^^^^^^^^^^^^^^^^^^^^^^^^^^^^^^^^^^^^^^
  File "/home/airflow/.local/lib/python3.12/site-packages/airflow/models/baseoperator.py", line 400, in wrapper
    return func(self, *args, **kwargs)
           ^^^^^^^^^^^^^^^^^^^^^^^^^^^
  File "/home/airflow/.local/lib/python3.12/site-packages/airflow/operators/bash.py", line 243, in execute
    raise AirflowException(
airflow.exceptions.AirflowException: Bash command failed. The command returned a non-zero exit code 1.
[2026-03-24T14:48:13.473+0000] {taskinstance.py:1206} INFO - Marking task as FAILED. dag_id=travel_etl_pipeline, task_id=run_etl_script, run_id=scheduled__2026-03-23T00:00:00+00:00, execution_date=20260323T000000, start_date=20260324T144809, end_date=20260324T144813
[2026-03-24T14:48:13.528+0000] {standard_task_runner.py:110} ERROR - Failed to execute job 3 for task run_etl_script (Bash command failed. The command returned a non-zero exit code 1.; 43)
[2026-03-24T14:48:13.569+0000] {local_task_job_runner.py:240} INFO - Task exited with return code 1
[2026-03-24T14:48:13.600+0000] {taskinstance.py:3498} INFO - 0 downstream tasks scheduled from follow-on schedule check
[2026-03-24T14:48:13.604+0000] {local_task_job_runner.py:222} INFO - ::endgroup::
